<?xml version="1.0" encoding="UTF-8"?>
<!-- Generated by org.testng.reporters.JUnitReportReporter -->
<testsuite skipped="0" hostname="ASDP1752PO02529" name="com.qainfotech.tap.training.resourceio.PropertiesOptionsIOTest" tests="2" failures="0" timestamp="27 Jun 2017 12:07:44 GMT" time="0.057" errors="0">
  <testcase name="getOptionValueMethodShouldReturnOptionValuesFromPropertiesFile" time="0.003" classname="com.qainfotech.tap.training.resourceio.PropertiesOptionsIOTest"/>
  <testcase name="addOptionShouldMethodShouldAppendPropertiesFileWithNewProperty" time="0.054" classname="com.qainfotech.tap.training.resourceio.PropertiesOptionsIOTest"/>
</testsuite> <!-- com.qainfotech.tap.training.resourceio.PropertiesOptionsIOTest -->
